<?xml version="1.0" encoding="UTF-8"?>
<testsuite name="deltix.ember.samples.algorithm.price.Test_SynthPriceAlgorithmMock" tests="1" skipped="0" failures="0" errors="0" timestamp="2022-03-11T03:24:22" hostname="DESKTOP-AU8H857" time="0.049">
  <properties/>
  <testcase name="simplePriceOuput" classname="deltix.ember.samples.algorithm.price.Test_SynthPriceAlgorithmMock" time="0.049"/>
  <system-out><![CDATA[ASK 0.5 @ 444078.270125
ASK 1 @ 444078.270125
ASK 3 @ 444079.0056583667
ASK 5 @ 444079.37342505
ASK 10 @ 444079.925075075
BID 0.5 @ 443969.04342005
BID 1 @ 443968.712430035
BID 3 @ 443913.1612725175
ASK 0.5 @ 444078.229875
ASK 1 @ 444078.229875
ASK 3 @ 444078.9654083
ASK 5 @ 444079.33317495
ASK 10 @ 444079.884824925
BID 0.5 @ 443969.00317995
BID 1 @ 443968.672189965
BID 3 @ 443913.1210374825
ASK 0.5 @ 444078.229875
ASK 1 @ 444078.229875
ASK 3 @ 444078.9654083
ASK 5 @ 444079.33317495
ASK 10 @ 444079.884824925
BID 0.5 @ 443968.34119998
BID 1 @ 443968.34119998
BID 3 @ 443894.56720999
BID 5 @ 443879.812411992
]]></system-out>
  <system-err><![CDATA[]]></system-err>
</testsuite>
