<?xml version="1.0" encoding="UTF-8"?>
<testsuite name="deltix.ember.samples.algorithm.iceberg.Test_IcebergAlgorithmMock" tests="37" skipped="0" failures="0" errors="0" timestamp="2022-03-10T09:29:30" hostname="DESKTOP-AU8H857" time="0.732">
  <properties/>
  <testcase name="testReplaceDuringPreparingCancelStage" classname="deltix.ember.samples.algorithm.iceberg.Test_IcebergAlgorithmMock" time="0.222"/>
  <testcase name="checkLimitOrdersAreAccepted" classname="deltix.ember.samples.algorithm.iceberg.Test_IcebergAlgorithmMock" time="0.009"/>
  <testcase name="supportFractionalQuantitiesReplaceTest" classname="deltix.ember.samples.algorithm.iceberg.Test_IcebergAlgorithmMock" time="0.051"/>
  <testcase name="decreaseQuantity" classname="deltix.ember.samples.algorithm.iceberg.Test_IcebergAlgorithmMock" time="0.006"/>
  <testcase name="testReplaceDuringNormalStage" classname="deltix.ember.samples.algorithm.iceberg.Test_IcebergAlgorithmMock" time="0.028"/>
  <testcase name="modifyQty" classname="deltix.ember.samples.algorithm.iceberg.Test_IcebergAlgorithmMock" time="0.006"/>
  <testcase name="simpleCancel" classname="deltix.ember.samples.algorithm.iceberg.Test_IcebergAlgorithmMock" time="0.005"/>
  <testcase name="testReplaceRejectDuringCommitReplacementStage" classname="deltix.ember.samples.algorithm.iceberg.Test_IcebergAlgorithmMock" time="0.035"/>
  <testcase name="testReplaceDuringFinishedStage" classname="deltix.ember.samples.algorithm.iceberg.Test_IcebergAlgorithmMock" time="0.012"/>
  <testcase name="modifyDisplayQtyAndPrice" classname="deltix.ember.samples.algorithm.iceberg.Test_IcebergAlgorithmMock" time="0.009"/>
  <testcase name="defaultDisplayQtyOrderModified" classname="deltix.ember.samples.algorithm.iceberg.Test_IcebergAlgorithmMock" time="0.007"/>
  <testcase name="partialFillThenCancel" classname="deltix.ember.samples.algorithm.iceberg.Test_IcebergAlgorithmMock" time="0.008"/>
  <testcase name="testCancelDuringCommitReplacementStage" classname="deltix.ember.samples.algorithm.iceberg.Test_IcebergAlgorithmMock" time="0.009"/>
  <testcase name="modifyPrice" classname="deltix.ember.samples.algorithm.iceberg.Test_IcebergAlgorithmMock" time="0.011"/>
  <testcase name="modifyDisplayQty" classname="deltix.ember.samples.algorithm.iceberg.Test_IcebergAlgorithmMock" time="0.007"/>
  <testcase name="supportFractionalQuantities2" classname="deltix.ember.samples.algorithm.iceberg.Test_IcebergAlgorithmMock" time="0.005"/>
  <testcase name="supportFractionalQuantities3" classname="deltix.ember.samples.algorithm.iceberg.Test_IcebergAlgorithmMock" time="0.007"/>
  <testcase name="checkCustomOrdersAreAccepted" classname="deltix.ember.samples.algorithm.iceberg.Test_IcebergAlgorithmMock" time="0.003"/>
  <testcase name="normalPartialFill" classname="deltix.ember.samples.algorithm.iceberg.Test_IcebergAlgorithmMock" time="0.018"/>
  <testcase name="testReplaceDuringPrepareReplacementStage" classname="deltix.ember.samples.algorithm.iceberg.Test_IcebergAlgorithmMock" time="0.015"/>
  <testcase name="cancelOfAlreadyCompletedOrder" classname="deltix.ember.samples.algorithm.iceberg.Test_IcebergAlgorithmMock" time="0.031"/>
  <testcase name="testUnknownOrder" classname="deltix.ember.samples.algorithm.iceberg.Test_IcebergAlgorithmMock" time="0.003"/>
  <testcase name="standingOrder" classname="deltix.ember.samples.algorithm.iceberg.Test_IcebergAlgorithmMock" time="0.004"/>
  <testcase name="childRejection1" classname="deltix.ember.samples.algorithm.iceberg.Test_IcebergAlgorithmMock" time="0.025"/>
  <testcase name="childRejection2" classname="deltix.ember.samples.algorithm.iceberg.Test_IcebergAlgorithmMock" time="0.006"/>
  <testcase name="checkOrdersWithoutLimitPriceAreRejected" classname="deltix.ember.samples.algorithm.iceberg.Test_IcebergAlgorithmMock" time="0.004"/>
  <testcase name="testReplaceDuringCommitReplacementStage" classname="deltix.ember.samples.algorithm.iceberg.Test_IcebergAlgorithmMock" time="0.012"/>
  <testcase name="multiLegContractFill" classname="deltix.ember.samples.algorithm.iceberg.Test_IcebergAlgorithmMock" time="0.02"/>
  <testcase name="increaseQuantity" classname="deltix.ember.samples.algorithm.iceberg.Test_IcebergAlgorithmMock" time="0.016"/>
  <testcase name="fillWhileModify" classname="deltix.ember.samples.algorithm.iceberg.Test_IcebergAlgorithmMock" time="0.012"/>
  <testcase name="replaceOfAlreadyCompletedOrder" classname="deltix.ember.samples.algorithm.iceberg.Test_IcebergAlgorithmMock" time="0.006"/>
  <testcase name="supportFractionalQuantities" classname="deltix.ember.samples.algorithm.iceberg.Test_IcebergAlgorithmMock" time="0.007"/>
  <testcase name="normalCompleteFill" classname="deltix.ember.samples.algorithm.iceberg.Test_IcebergAlgorithmMock" time="0.007"/>
  <testcase name="modifyPriceReject" classname="deltix.ember.samples.algorithm.iceberg.Test_IcebergAlgorithmMock" time="0.031"/>
  <testcase name="testReplaceDuringPrepareReplacementStage5" classname="deltix.ember.samples.algorithm.iceberg.Test_IcebergAlgorithmMock" time="0.014"/>
  <testcase name="testChildReplaceReject" classname="deltix.ember.samples.algorithm.iceberg.Test_IcebergAlgorithmMock" time="0.006"/>
  <testcase name="testChildReplaceReject2" classname="deltix.ember.samples.algorithm.iceberg.Test_IcebergAlgorithmMock" time="0.03"/>
  <system-out><![CDATA[2022-03-10 16:29:30.739 ERROR [Test worker] OVERFILL for order ALGORITHM:Child#1: executed 150 out of 0
2022-03-10 16:29:30.739 ERROR [Test worker] Potential OVERFILL reported for order ALGORITHM:Child#1
2022-03-10 16:29:30.740 ERROR [Test worker] OVERFILL for order CLIENT:Parent#1: executed 150 out of 0
2022-03-10 16:29:30.740 ERROR [Test worker] Potential OVERFILL reported for order CLIENT:Parent#1
2022-03-10 16:29:30.741 ERROR [Test worker] OVERFILL for order ALGORITHM:Child#1: executed 200 out of 0
2022-03-10 16:29:30.741 ERROR [Test worker] Potential OVERFILL reported for order ALGORITHM:Child#1
2022-03-10 16:29:30.741 ERROR [Test worker] OVERFILL for order CLIENT:Parent#1: executed 200 out of 0
2022-03-10 16:29:30.741 ERROR [Test worker] Potential OVERFILL reported for order CLIENT:Parent#1
2022-03-10 16:29:30.743 ERROR [Test worker] OVERFILL for order ALGORITHM:Child#1: executed 250 out of 0
2022-03-10 16:29:30.743 ERROR [Test worker] Potential OVERFILL reported for order ALGORITHM:Child#1
2022-03-10 16:29:30.744 ERROR [Test worker] OVERFILL for order CLIENT:Parent#1: executed 250 out of 0
2022-03-10 16:29:30.744 ERROR [Test worker] Potential OVERFILL reported for order CLIENT:Parent#1
2022-03-10 16:29:30.745 ERROR [Test worker] OVERFILL for order ALGORITHM:Child#1: executed 300 out of 0
2022-03-10 16:29:30.745 ERROR [Test worker] Potential OVERFILL reported for order ALGORITHM:Child#1
2022-03-10 16:29:30.746 ERROR [Test worker] OVERFILL for order CLIENT:Parent#1: executed 300 out of 0
2022-03-10 16:29:30.746 ERROR [Test worker] Potential OVERFILL reported for order CLIENT:Parent#1
2022-03-10 16:29:30.770 ERROR [Test worker] OVERFILL for order ALGORITHM:Child#1: executed 125 out of 100
]]></system-out>
  <system-err><![CDATA[]]></system-err>
</testsuite>
